/sw/bioinfo/ChromeQC
/sw/bioinfo/phylosift
/sw/bioinfo/pkgs
/sw/bioinfo/rarecoal-tools
/sw/bioinfo/stata
/sw/bioinfo/ARB
/sw/bioinfo/CGTCAT
/sw/bioinfo/homer
/sw/bioinfo/seqMINER
/sw/bioinfo/chipster
/sw/bioinfo/GlimmerHMM
/sw/bioinfo/removethis
/sw/bioinfo/Unicycler
/sw/bioinfo/vawk
/sw/bioinfo/lighter
/sw/bioinfo/FLASH
/sw/bioinfo/rtax
/sw/bioinfo/NGSadmix
/sw/bioinfo/Scipio
/sw/bioinfo/splitseek
/sw/bioinfo/sissrs
/sw/bioinfo/samclip
/sw/bioinfo/matrix2png
/sw/bioinfo/ProtExcluder
/sw/bioinfo/sracat
/sw/bioinfo/fqzcomp
/sw/bioinfo/AlienTrimmer
/sw/bioinfo/VarScan
/sw/bioinfo/ArrowGrid
/sw/bioinfo/beagle-app
/sw/bioinfo/clearcut
/sw/bioinfo/macse
/sw/bioinfo/trf
/sw/bioinfo/popoolation
/sw/bioinfo/nseg
/sw/bioinfo/ShortStack
/sw/bioinfo/swarm
/sw/bioinfo/samplefq
/sw/bioinfo/mrCaNaVaR
/sw/bioinfo/rfmix
/sw/bioinfo/Minimac4
/sw/bioinfo/Rcorrector
/sw/bioinfo/mrFAST
/sw/bioinfo/ProbCons
/sw/bioinfo/L_RNA_scaffolder
/sw/bioinfo/ngsLD
/sw/bioinfo/tool
/sw/bioinfo/calcDFT
/sw/bioinfo/snp-dists
/sw/bioinfo/CleaveLand4
/sw/bioinfo/nullarbor
/sw/bioinfo/fastNGSadmix
/sw/bioinfo/RECON
/sw/bioinfo/DelGet
/sw/bioinfo/sumaclust
/sw/bioinfo/aragorn
/sw/bioinfo/samstat
/sw/bioinfo/SVMerge
/sw/bioinfo/rRNAFilter
/sw/bioinfo/AGE
/sw/bioinfo/trimmomatic
/sw/bioinfo/GAA
/sw/bioinfo/minimap
/sw/bioinfo/PILER-64
/sw/bioinfo/CAP3
/sw/bioinfo/maq
/sw/bioinfo/samblaster
/sw/bioinfo/TEtranscripts
/sw/bioinfo/HiCUP
/sw/bioinfo/oases
/sw/bioinfo/Phobius
/sw/bioinfo/lfqc
/sw/bioinfo/NINJA
/sw/bioinfo/Kalign
/sw/bioinfo/bioawk
/sw/bioinfo/minced
/sw/bioinfo/alder
/sw/bioinfo/miniasm
/sw/bioinfo/SOAPcorrector
/sw/bioinfo/verifyBamID
/sw/bioinfo/psmc
/sw/bioinfo/GTOOL
/sw/bioinfo/KrakenHLL
/sw/bioinfo/ngsF-HMM
/sw/bioinfo/emmax
/sw/bioinfo/multiz
/sw/bioinfo/Genepop
/sw/bioinfo/ms
/sw/bioinfo/AAT
/sw/bioinfo/seqtk
/sw/bioinfo/ClonalFrameML
/sw/bioinfo/gffread
/sw/bioinfo/kermit
/sw/bioinfo/fastPHASE
/sw/bioinfo/tabix
/sw/bioinfo/tmhmm
/sw/bioinfo/FastME
/sw/bioinfo/METAL
/sw/bioinfo/cdbfasta
/sw/bioinfo/MAGeCK2
/sw/bioinfo/SPP
/sw/bioinfo/krakenuniq
/sw/bioinfo/pfam_scan
/sw/bioinfo/KING
/sw/bioinfo/libBigWig
/sw/bioinfo/btrim
/sw/bioinfo/SourceTracker
/sw/bioinfo/CROP
/sw/bioinfo/SALSA
/sw/bioinfo/optima
/sw/bioinfo/fermi
/sw/bioinfo/DBG2OLC
/sw/bioinfo/cnD
/sw/bioinfo/ea-utils
/sw/bioinfo/fastqtk
/sw/bioinfo/metilene
/sw/bioinfo/uchime
/sw/bioinfo/IMPUTE2
/sw/bioinfo/wtdbg2
/sw/bioinfo/OMBlast
/sw/bioinfo/TE-Tracker
/sw/bioinfo/unimap
/sw/bioinfo/ADMIXTURE
/sw/bioinfo/rnammer
/sw/bioinfo/FastTree
/sw/bioinfo/rarecoal
/sw/bioinfo/pear
/sw/bioinfo/SKESA
/sw/bioinfo/Kraken2
/sw/bioinfo/trimAl
/sw/bioinfo/geneid
/sw/bioinfo/SweeD
/sw/bioinfo/Bracken
/sw/bioinfo/sickle
/sw/bioinfo/emirge
/sw/bioinfo/ont_fast5_api
/sw/bioinfo/malder
/sw/bioinfo/Kraken
/sw/bioinfo/msmc2
/sw/bioinfo/PCAP
/sw/bioinfo/LEON-BIS
/sw/bioinfo/AmpliconNoise
/sw/bioinfo/SMARTdenovo
/sw/bioinfo/SHRiMP
/sw/bioinfo/vcfanno
/sw/bioinfo/Meerkat
/sw/bioinfo/Tombo
/sw/bioinfo/Filtlong
/sw/bioinfo/phynder
/sw/bioinfo/popoolation2
/sw/bioinfo/phantompeakqualtools
/sw/bioinfo/Platanus
/sw/bioinfo/transabyss
/sw/bioinfo/KneedData
/sw/bioinfo/MafFilter
/sw/bioinfo/cd-hit
/sw/bioinfo/Metassembler
/sw/bioinfo/EvidentialGene
/sw/bioinfo/epiPALEOMIX
/sw/bioinfo/US-align
/sw/bioinfo/DosageConvertor
/sw/bioinfo/phyutility
/sw/bioinfo/assembly-stats
/sw/bioinfo/shovill
/sw/bioinfo/VAT
/sw/bioinfo/preseq
/sw/bioinfo/QuorUM
/sw/bioinfo/KmerGenie
/sw/bioinfo/RAisD
/sw/bioinfo/scikit-allel
/sw/bioinfo/MashMap
/sw/bioinfo/segemehl
/sw/bioinfo/SVDetect
/sw/bioinfo/eXpress
/sw/bioinfo/SweepFinder2
/sw/bioinfo/IMa2p
/sw/bioinfo/LDhelmet
/sw/bioinfo/TRUST4
/sw/bioinfo/ARC_assembler
/sw/bioinfo/runBNG
/sw/bioinfo/IM
/sw/bioinfo/atlas
/sw/bioinfo/snp-sites
/sw/bioinfo/liftOver
/sw/bioinfo/EDirect
/sw/bioinfo/metaMATE
/sw/bioinfo/pong
/sw/bioinfo/metaphlan2
/sw/bioinfo/EAGLE
/sw/bioinfo/SCORE-Seq
/sw/bioinfo/usearch
/sw/bioinfo/fastsimcoal
/sw/bioinfo/smoove
/sw/bioinfo/gm_es
/sw/bioinfo/mimar
/sw/bioinfo/muscle
/sw/bioinfo/Immcantation
/sw/bioinfo/concaterpillar
/sw/bioinfo/bgc
/sw/bioinfo/clusterflow
/sw/bioinfo/Porechop
/sw/bioinfo/SOAPdenovo-Trans
/sw/bioinfo/SOAPdenovo
/sw/bioinfo/wise2
/sw/bioinfo/mash
/sw/bioinfo/ngsrich
/sw/bioinfo/TSC
/sw/bioinfo/garli
/sw/bioinfo/GEMMA
/sw/bioinfo/lastz
/sw/bioinfo/Vmatch
/sw/bioinfo/GAAS
/sw/bioinfo/mosdepth
/sw/bioinfo/RepeatScout
/sw/bioinfo/ncl
/sw/bioinfo/fastq_screen
/sw/bioinfo/mauve
/sw/bioinfo/phaser
/sw/bioinfo/Pilon
/sw/bioinfo/datamash
/sw/bioinfo/PhyML
/sw/bioinfo/AdapterRemoval
/sw/bioinfo/DWGSIM
/sw/bioinfo/snap
/sw/bioinfo/cramtools
/sw/bioinfo/GUSHR
/sw/bioinfo/ART
/sw/bioinfo/MakeHub
/sw/bioinfo/bwa-mem2
/sw/bioinfo/fastq_demux
/sw/bioinfo/TreeMix
/sw/bioinfo/CONSEL
/sw/bioinfo/TelomereHunter
/sw/bioinfo/clustalw
/sw/bioinfo/Primer3
/sw/bioinfo/ExpansionHunter
/sw/bioinfo/mpiblast
/sw/bioinfo/gvcftools
/sw/bioinfo/Cellsnp-lite
/sw/bioinfo/any2fasta
/sw/bioinfo/pblat
/sw/bioinfo/poretools
/sw/bioinfo/Juicebox
/sw/bioinfo/PCAngsd
/sw/bioinfo/bustools
/sw/bioinfo/vt
/sw/bioinfo/quickmerge
/sw/bioinfo/MERLIN
/sw/bioinfo/BAM-matcher
/sw/bioinfo/imputor
/sw/bioinfo/mlRho
/sw/bioinfo/ATLAS_aDNA
/sw/bioinfo/Shasta
/sw/bioinfo/maf_stream
/sw/bioinfo/Stampy
/sw/bioinfo/HALC
/sw/bioinfo/rmblast
/sw/bioinfo/LoRDEC
/sw/bioinfo/NeEstimator
/sw/bioinfo/pplacer
/sw/bioinfo/svprops
/sw/bioinfo/IMPUTE5
/sw/bioinfo/PileOMeth
/sw/bioinfo/bwa
/sw/bioinfo/MHAP
/sw/bioinfo/fineRADstructure
/sw/bioinfo/Centrifuge
/sw/bioinfo/newick_utils
/sw/bioinfo/primer3
/sw/bioinfo/Platanus-allee
/sw/bioinfo/fastx
/sw/bioinfo/SeqKit
/sw/bioinfo/pizzly
/sw/bioinfo/ARCS
/sw/bioinfo/bwa-meth
/sw/bioinfo/Juicer_tools
/sw/bioinfo/accuMUlate
/sw/bioinfo/bamtools
/sw/bioinfo/pblat-cluster
/sw/bioinfo/KneadData
/sw/bioinfo/BESST
/sw/bioinfo/SomaticSeq
/sw/bioinfo/Hifiasm
/sw/bioinfo/sambamba
/sw/bioinfo/bpipe
/sw/bioinfo/compleasm
/sw/bioinfo/KIN
/sw/bioinfo/CITE-seq-Count
/sw/bioinfo/mmseq
/sw/bioinfo/gdc-client
/sw/bioinfo/prinseq
/sw/bioinfo/fastStructure
/sw/bioinfo/dentist
